-------------------------------------------------------------------------------
Test set: UseCases.Command.EditarTripulanteHandler_Test
-------------------------------------------------------------------------------
Tests run: 1, Failures: 1, Errors: 0, Skipped: 0, Time elapsed: 0.019 s <<< FAILURE! - in UseCases.Command.EditarTripulanteHandler_Test
HandleEditar_Ok(UseCases.Command.EditarTripulanteHandler_Test)  Time elapsed: 0.018 s  <<< FAILURE!
java.lang.AssertionError: expected:<Maria> but was:<null>
	at UseCases.Command.EditarTripulanteHandler_Test.HandleEditar_Ok(EditarTripulanteHandler_Test.java:85)

