<?xml version="1.0" encoding="UTF-8" standalone="yes"?><!DOCTYPE report PUBLIC "-//JACOCO//DTD Report 1.1//EN" "report.dtd"><report name="WebApi"><sessioninfo id="LICETH-b7836586" start="1654293176632" dump="1654293179447"/><sessioninfo id="LICETH-4634801" start="1654293515199" dump="1654293517616"/><sessioninfo id="LICETH-b155fa12" start="1654301584322" dump="1654301586571"/><sessioninfo id="LICETH-63942de1" start="1654301865837" dump="1654301868292"/><sessioninfo id="LICETH-8eda2451" start="1654302116636" dump="1654302119067"/><sessioninfo id="LICETH-6c8bf4fe" start="1654303126641" dump="1654303128989"/><sessioninfo id="LICETH-5446fe97" start="1654303466178" dump="1654303468470"/><sessioninfo id="LICETH-e5af0d70" start="1654303569777" dump="1654303572030"/><sessioninfo id="LICETH-a5decff8" start="1654303753653" dump="1654303756054"/><sessioninfo id="LICETH-ff8deb09" start="1654306701721" dump="1654306704158"/><sessioninfo id="LICETH-ec8d4946" start="1654312923827" dump="1654312926213"/><sessioninfo id="LICETH-4febdb13" start="1654313050377" dump="1654313052684"/><sessioninfo id="LICETH-3d6e3fdf" start="1654315001020" dump="1654315003726"/><sessioninfo id="LICETH-60632656" start="1654315133470" dump="1654315136132"/><sessioninfo id="LICETH-2691ba4a" start="1654315197290" dump="1654315199916"/><sessioninfo id="LICETH-76b3ebb1" start="1654315416436" dump="1654315419210"/><sessioninfo id="LICETH-a3f50c99" start="1654317085707" dump="1654317088245"/><sessioninfo id="LICETH-72a237e5" start="1654318064488" dump="1654318067014"/><sessioninfo id="LICETH-d22e9fd8" start="1654318192912" dump="1654318195565"/><sessioninfo id="LICETH-72f6c949" start="1654324566043" dump="1654324568873"/><package name=""><class name="App" sourcefilename="App.java"><method name="&lt;init&gt;" desc="()V" line="1"><counter type="INSTRUCTION" missed="0" covered="3"/><counter type="LINE" missed="0" covered="1"/><counter type="COMPLEXITY" missed="0" covered="1"/><counter type="METHOD" missed="0" covered="1"/></method><method name="main" desc="([Ljava/lang/String;)V" line="4"><counter type="INSTRUCTION" missed="0" covered="3"/><counter type="LINE" missed="0" covered="3"/><counter type="COMPLEXITY" missed="0" covered="1"/><counter type="METHOD" missed="0" covered="1"/></method><counter type="INSTRUCTION" missed="0" covered="6"/><counter type="LINE" missed="0" covered="4"/><counter type="COMPLEXITY" missed="0" covered="2"/><counter type="METHOD" missed="0" covered="2"/><counter type="CLASS" missed="0" covered="1"/></class><class name="WebApi" sourcefilename="WebApi.java"><method name="&lt;init&gt;" desc="()V" line="5"><counter type="INSTRUCTION" missed="0" covered="3"/><counter type="LINE" missed="0" covered="1"/><counter type="COMPLEXITY" missed="0" covered="1"/><counter type="METHOD" missed="0" covered="1"/></method><method name="AddControllers" desc="()V" line="7"><counter type="INSTRUCTION" missed="0" covered="6"/><counter type="LINE" missed="0" covered="4"/><counter type="COMPLEXITY" missed="0" covered="1"/><counter type="METHOD" missed="0" covered="1"/></method><counter type="INSTRUCTION" missed="0" covered="9"/><counter type="LINE" missed="0" covered="5"/><counter type="COMPLEXITY" missed="0" covered="2"/><counter type="METHOD" missed="0" covered="2"/><counter type="CLASS" missed="0" covered="1"/></class><sourcefile name="App.java"><line nr="1" mi="0" ci="3" mb="0" cb="0"/><line nr="4" mi="0" ci="1" mb="0" cb="0"/><line nr="5" mi="0" ci="1" mb="0" cb="0"/><line nr="6" mi="0" ci="1" mb="0" cb="0"/><counter type="INSTRUCTION" missed="0" covered="6"/><counter type="LINE" missed="0" covered="4"/><counter type="COMPLEXITY" missed="0" covered="2"/><counter type="METHOD" missed="0" covered="2"/><counter type="CLASS" missed="0" covered="1"/></sourcefile><sourcefile name="WebApi.java"><line nr="5" mi="0" ci="3" mb="0" cb="0"/><line nr="7" mi="0" ci="2" mb="0" cb="0"/><line nr="9" mi="0" ci="1" mb="0" cb="0"/><line nr="10" mi="0" ci="2" mb="0" cb="0"/><line nr="11" mi="0" ci="1" mb="0" cb="0"/><counter type="INSTRUCTION" missed="0" covered="9"/><counter type="LINE" missed="0" covered="5"/><counter type="COMPLEXITY" missed="0" covered="2"/><counter type="METHOD" missed="0" covered="2"/><counter type="CLASS" missed="0" covered="1"/></sourcefile><counter type="INSTRUCTION" missed="0" covered="15"/><counter type="LINE" missed="0" covered="9"/><counter type="COMPLEXITY" missed="0" covered="4"/><counter type="METHOD" missed="0" covered="4"/><counter type="CLASS" missed="0" covered="2"/></package><package name="Controllers"><class name="Controllers/TripulanteController" sourcefilename="TripulanteController.java"><method name="&lt;init&gt;" desc="(Lfourteam/mediator/Mediator;)V" line="23"><counter type="INSTRUCTION" missed="0" covered="6"/><counter type="LINE" missed="0" covered="3"/><counter type="COMPLEXITY" missed="0" covered="1"/><counter type="METHOD" missed="0" covered="1"/></method><method name="getAll" desc="()Lfourteam/mediator/Response;" line="31"><counter type="INSTRUCTION" missed="7" covered="0"/><counter type="LINE" missed="1" covered="0"/><counter type="COMPLEXITY" missed="1" covered="0"/><counter type="METHOD" missed="1" covered="0"/></method><method name="getByKey" desc="(LUsesCases/Queries/Tripulante/GetByKey/GetTripulanteByKeyQuery;)Lfourteam/mediator/Response;" line="36"><counter type="INSTRUCTION" missed="5" covered="0"/><counter type="LINE" missed="1" covered="0"/><counter type="COMPLEXITY" missed="1" covered="0"/><counter type="METHOD" missed="1" covered="0"/></method><method name="register" desc="(LUsesCases/Command/Tripulante/Crear/CrearTripulanteCommand;)Lfourteam/mediator/Response;" line="44"><counter type="INSTRUCTION" missed="5" covered="0"/><counter type="LINE" missed="1" covered="0"/><counter type="COMPLEXITY" missed="1" covered="0"/><counter type="METHOD" missed="1" covered="0"/></method><method name="edit" desc="(LDto/Tripulante/TripulanteDto;LUsesCases/Command/Tripulante/Editar/EditarTripulanteCommand;)Lfourteam/mediator/Response;" line="49"><counter type="INSTRUCTION" missed="10" covered="0"/><counter type="LINE" missed="2" covered="0"/><counter type="COMPLEXITY" missed="1" covered="0"/><counter type="METHOD" missed="1" covered="0"/></method><method name="delete" desc="(LUsesCases/Command/Tripulante/Eliminar/EliminarTripulanteCommand;)Lfourteam/mediator/Response;" line="55"><counter type="INSTRUCTION" missed="5" covered="0"/><counter type="LINE" missed="1" covered="0"/><counter type="COMPLEXITY" missed="1" covered="0"/><counter type="METHOD" missed="1" covered="0"/></method><counter type="INSTRUCTION" missed="32" covered="6"/><counter type="LINE" missed="6" covered="3"/><counter type="COMPLEXITY" missed="5" covered="1"/><counter type="METHOD" missed="5" covered="1"/><counter type="CLASS" missed="0" covered="1"/></class><sourcefile name="TripulanteController.java"><line nr="23" mi="0" ci="2" mb="0" cb="0"/><line nr="24" mi="0" ci="3" mb="0" cb="0"/><line nr="25" mi="0" ci="1" mb="0" cb="0"/><line nr="31" mi="7" ci="0" mb="0" cb="0"/><line nr="36" mi="5" ci="0" mb="0" cb="0"/><line nr="44" mi="5" ci="0" mb="0" cb="0"/><line nr="49" mi="5" ci="0" mb="0" cb="0"/><line nr="50" mi="5" ci="0" mb="0" cb="0"/><line nr="55" mi="5" ci="0" mb="0" cb="0"/><counter type="INSTRUCTION" missed="32" covered="6"/><counter type="LINE" missed="6" covered="3"/><counter type="COMPLEXITY" missed="5" covered="1"/><counter type="METHOD" missed="5" covered="1"/><counter type="CLASS" missed="0" covered="1"/></sourcefile><counter type="INSTRUCTION" missed="32" covered="6"/><counter type="LINE" missed="6" covered="3"/><counter type="COMPLEXITY" missed="5" covered="1"/><counter type="METHOD" missed="5" covered="1"/><counter type="CLASS" missed="0" covered="1"/></package><counter type="INSTRUCTION" missed="32" covered="21"/><counter type="LINE" missed="6" covered="12"/><counter type="COMPLEXITY" missed="5" covered="5"/><counter type="METHOD" missed="5" covered="5"/><counter type="CLASS" missed="0" covered="3"/></report>